[15:08:56.298 Verbose] - BuildManager - System.IO.FileNotFoundException: Could not find a part of the path 'C:\Users\Luuk\source\repos\LingoWords\.vs\LingoWords\v16\lut\13212\b\LingoWords\bin\Debug\netcoreapp3.1\LingoWords.dll'.
File name: 'C:\Users\Luuk\source\repos\LingoWords\.vs\LingoWords\v16\lut\13212\b\LingoWords\bin\Debug\netcoreapp3.1\LingoWords.dll' ---> System.IO.DirectoryNotFoundException: Could not find a part of the path 'C:\Users\Luuk\source\repos\LingoWords\.vs\LingoWords\v16\lut\13212\b\LingoWords\bin\Debug\netcoreapp3.1\LingoWords.dll'.
   at System.IO.__Error.WinIOError(Int32 errorCode, String maybeFullPath)
   at System.IO.FileStream.Init(String path, FileMode mode, FileAccess access, Int32 rights, Boolean useRights, FileShare share, Int32 bufferSize, FileOptions options, SECURITY_ATTRIBUTES secAttrs, String msgPath, Boolean bFromProxy, Boolean useLongPath, Boolean checkHost)
   at System.IO.FileStream..ctor(String path, FileMode mode, FileAccess access, FileShare share)
   at Roslyn.Utilities.FileUtilities.OpenFileStream(String path)
   at Roslyn.Utilities.FileUtilities.OpenFileStream(String path)
   at Microsoft.CodeAnalysis.MetadataReference.CreateFromFile(String path, MetadataReferenceProperties properties, DocumentationProvider documentation)
   at Microsoft.CodeAnalysis.LiveUnitTesting.BuildManagement.CompilationComparer.TryGetReference(CommandLineReference commandLineReference, Logger logger, MetadataReference& reference)
[15:08:56.579 Verbose] - BuildManager - C:\Users\Luuk\source\repos\LingoWords\LingoWordsTest\WordServiceUnitTest.cs(2,7): error CS0246: The type or namespace name 'LingoWords' could not be found (are you missing a using directive or an assembly reference?)
[15:08:56.579 Verbose] - BuildManager - C:\Users\Luuk\source\repos\LingoWords\LingoWordsTest\WordServiceUnitTest.cs(3,7): error CS0246: The type or namespace name 'LingoWords' could not be found (are you missing a using directive or an assembly reference?)
[15:08:56.579 Verbose] - BuildManager - C:\Users\Luuk\source\repos\LingoWords\LingoWordsTest\WordServiceUnitTest.cs(4,7): error CS0246: The type or namespace name 'LingoWords' could not be found (are you missing a using directive or an assembly reference?)
[15:08:56.579 Verbose] - BuildManager - C:\Users\Luuk\source\repos\LingoWords\LingoWordsTest\WordServiceUnitTest.cs(5,7): error CS0246: The type or namespace name 'LingoWords' could not be found (are you missing a using directive or an assembly reference?)
[15:08:56.579 Verbose] - BuildManager - C:\Users\Luuk\source\repos\LingoWords\LingoWordsTest\WordUnitTest.cs(2,7): error CS0246: The type or namespace name 'LingoWords' could not be found (are you missing a using directive or an assembly reference?)
[15:08:56.579 Verbose] - BuildManager - C:\Users\Luuk\source\repos\LingoWords\LingoWordsTest\WordUnitTest.cs(3,7): error CS0246: The type or namespace name 'LingoWords' could not be found (are you missing a using directive or an assembly reference?)
[15:08:56.579 Verbose] - BuildManager - C:\Users\Luuk\source\repos\LingoWords\LingoWordsTest\WordUnitTest.cs(4,7): error CS0246: The type or namespace name 'LingoWords' could not be found (are you missing a using directive or an assembly reference?)
[15:08:56.579 Verbose] - BuildManager - C:\Users\Luuk\source\repos\LingoWords\LingoWordsTest\WordUnitTest.cs(5,7): error CS0246: The type or namespace name 'LingoWords' could not be found (are you missing a using directive or an assembly reference?)
[15:08:56.579 Verbose] - BuildManager - C:\Users\Luuk\source\repos\LingoWords\LingoWordsTest\WordServiceUnitTest.cs(15,48): error CS0246: The type or namespace name 'WordsRepository' could not be found (are you missing a using directive or an assembly reference?)
[15:08:56.579 Verbose] - BuildManager - C:\Users\Luuk\source\repos\LingoWords\LingoWordsTest\WordServiceUnitTest.cs(20,40): error CS0246: The type or namespace name 'WordService' could not be found (are you missing a using directive or an assembly reference?)
[15:08:56.589 Verbose] - BuildManager - Some of the file paths defined in the csproj under the Live Unit Testing build path are missing. Verify whether these files should be present under the Live Unit Testing build path and if necessary update the csproj definition to look these files up in a different place.
[15:08:56.589 Verbose] - BuildManager - Item _OutputPathItem 'C:\Users\Luuk\source\repos\LingoWords\.vs\LingoWords\v16\lut\13212\b\LingoWordsTest\Debug\netcoreapp3.1\' evaluated via:
_OutputPathItem: '$(OutDir)' @ C:\Program Files (x86)\Microsoft Visual Studio\2019\Enterprise\MSBuild\Current\Bin\Microsoft.Common.CurrentVersion.targets:272
  OutDir: '$(OutputPath)' @ C:\Program Files (x86)\Microsoft Visual Studio\2019\Enterprise\MSBuild\Current\Bin\Microsoft.Common.CurrentVersion.targets:193
    OutputPath: '$(OutputPath)$(TargetFramework.ToLowerInvariant())\' @ C:\Program Files\dotnet\sdk\3.1.201\Sdks\Microsoft.NET.Sdk\targets\Microsoft.NET.TargetFrameworkInference.targets:186
      OutputPath: '$(BaseOutputPath)$(Configuration)\' @ C:\Program Files\dotnet\sdk\3.1.201\Sdks\Microsoft.NET.Sdk\targets\Microsoft.NET.DefaultOutputPaths.targets:33
        BaseOutputPath: 'C:\Users\Luuk\source\repos\LingoWords\.vs\LingoWords\v16\lut\13212\b\LingoWordsTest\' @ C:\Users\Luuk\source\repos\LingoWords\LingoWordsTest\LingoWordsTest.csproj:0
        Configuration: 'Debug'
[15:08:56.590 Verbose] - BuildManager - Item AppConfigFileDestination 'C:\Users\Luuk\source\repos\LingoWords\.vs\LingoWords\v16\lut\13212\b\LingoWordsTest\Debug\netcoreapp3.1\LingoWordsTest.dll.config' evaluated via:
AppConfigFileDestination: '$(OutDir)$(TargetFileName).config' @ C:\Program Files (x86)\Microsoft Visual Studio\2019\Enterprise\MSBuild\Current\Bin\Microsoft.Common.CurrentVersion.targets:303
  OutDir: '$(OutputPath)' @ C:\Program Files (x86)\Microsoft Visual Studio\2019\Enterprise\MSBuild\Current\Bin\Microsoft.Common.CurrentVersion.targets:193
    OutputPath: '$(OutputPath)$(TargetFramework.ToLowerInvariant())\' @ C:\Program Files\dotnet\sdk\3.1.201\Sdks\Microsoft.NET.Sdk\targets\Microsoft.NET.TargetFrameworkInference.targets:186
      OutputPath: '$(BaseOutputPath)$(Configuration)\' @ C:\Program Files\dotnet\sdk\3.1.201\Sdks\Microsoft.NET.Sdk\targets\Microsoft.NET.DefaultOutputPaths.targets:33
        BaseOutputPath: 'C:\Users\Luuk\source\repos\LingoWords\.vs\LingoWords\v16\lut\13212\b\LingoWordsTest\' @ C:\Users\Luuk\source\repos\LingoWords\LingoWordsTest\LingoWordsTest.csproj:0
        Configuration: 'Debug'
  TargetFileName: '$(TargetName)$(TargetExt)' @ C:\Program Files (x86)\Microsoft Visual Studio\2019\Enterprise\MSBuild\Current\Bin\Microsoft.Common.CurrentVersion.targets:212
    TargetName: '$(AssemblyName)' @ C:\Program Files (x86)\Microsoft Visual Studio\2019\Enterprise\MSBuild\Current\Bin\Microsoft.Common.CurrentVersion.targets:204
      AssemblyName: '$(MSBuildProjectName)' @ C:\Program Files\dotnet\sdk\3.1.201\Sdks\Microsoft.NET.Sdk\targets\Microsoft.NET.Sdk.props:32
        MSBuildProjectName: 'LingoWordsTest'
    TargetExt: '.dll' @ C:\Program Files\dotnet\sdk\3.1.201\Sdks\Microsoft.NET.Sdk\targets\Microsoft.NET.Sdk.BeforeCommon.targets:82
[15:08:56.590 Verbose] - BuildManager - Item _DebugSymbolsOutputPath 'C:\Users\Luuk\source\repos\LingoWords\.vs\LingoWords\v16\lut\13212\b\LingoWordsTest\Debug\netcoreapp3.1\LingoWordsTest.pdb' evaluated via:
_DebugSymbolsOutputPath: '@(_DebugSymbolsIntermediatePath->'$(OutDir)%(Filename)%(Extension)')' @ C:\Program Files (x86)\Microsoft Visual Studio\2019\Enterprise\MSBuild\Current\Bin\Microsoft.Common.CurrentVersion.targets:372
  OutDir: '$(OutputPath)' @ C:\Program Files (x86)\Microsoft Visual Studio\2019\Enterprise\MSBuild\Current\Bin\Microsoft.Common.CurrentVersion.targets:193
    OutputPath: '$(OutputPath)$(TargetFramework.ToLowerInvariant())\' @ C:\Program Files\dotnet\sdk\3.1.201\Sdks\Microsoft.NET.Sdk\targets\Microsoft.NET.TargetFrameworkInference.targets:186
      OutputPath: '$(BaseOutputPath)$(Configuration)\' @ C:\Program Files\dotnet\sdk\3.1.201\Sdks\Microsoft.NET.Sdk\targets\Microsoft.NET.DefaultOutputPaths.targets:33
        BaseOutputPath: 'C:\Users\Luuk\source\repos\LingoWords\.vs\LingoWords\v16\lut\13212\b\LingoWordsTest\' @ C:\Users\Luuk\source\repos\LingoWords\LingoWordsTest\LingoWordsTest.csproj:0
        Configuration: 'Debug'
[15:08:56.590 Verbose] - BuildManager - Item _ApplicationManifestFinal 'C:\Users\Luuk\source\repos\LingoWords\.vs\LingoWords\v16\lut\13212\b\LingoWordsTest\Debug\netcoreapp3.1\Native.LingoWordsTest.manifest' evaluated via:
_ApplicationManifestFinal: '$(OutDir)$(_DeploymentTargetApplicationManifestFileName)' @ C:\Program Files (x86)\Microsoft Visual Studio\2019\Enterprise\MSBuild\Current\Bin\Microsoft.Common.CurrentVersion.targets:410
  OutDir: '$(OutputPath)' @ C:\Program Files (x86)\Microsoft Visual Studio\2019\Enterprise\MSBuild\Current\Bin\Microsoft.Common.CurrentVersion.targets:193
    OutputPath: '$(OutputPath)$(TargetFramework.ToLowerInvariant())\' @ C:\Program Files\dotnet\sdk\3.1.201\Sdks\Microsoft.NET.Sdk\targets\Microsoft.NET.TargetFrameworkInference.targets:186
      OutputPath: '$(BaseOutputPath)$(Configuration)\' @ C:\Program Files\dotnet\sdk\3.1.201\Sdks\Microsoft.NET.Sdk\targets\Microsoft.NET.DefaultOutputPaths.targets:33
        BaseOutputPath: 'C:\Users\Luuk\source\repos\LingoWords\.vs\LingoWords\v16\lut\13212\b\LingoWordsTest\' @ C:\Users\Luuk\source\repos\LingoWords\LingoWordsTest\LingoWordsTest.csproj:0
        Configuration: 'Debug'
  _DeploymentTargetApplicationManifestFileName: 'Native.$(AssemblyName).manifest' @ C:\Program Files (x86)\Microsoft Visual Studio\2019\Enterprise\MSBuild\Current\Bin\Microsoft.Common.CurrentVersion.targets:228
    AssemblyName: '$(MSBuildProjectName)' @ C:\Program Files\dotnet\sdk\3.1.201\Sdks\Microsoft.NET.Sdk\targets\Microsoft.NET.Sdk.props:32
      MSBuildProjectName: 'LingoWordsTest'
